<?xml version="1.0" encoding="UTF-8"?>
<robot generator="Robot 4.0 (Python 3.9.1 on win32)" generated="20210605 17:31:17.430" rpa="false" schemaversion="2">
<suite id="s1" name="Teste" source="C:\Users\adria\Documents\GitHub\robot-qacademy\robot\teste.robot">
<test id="s1-t1" name="Deve retornar mensagem de boas vindas">
<kw name="Welcome" library="app">
<var>${result}</var>
<arg>Adriano</arg>
<msg timestamp="20210605 17:31:17.471" level="INFO">${result} = Olá, Adriano, bem vindo ao curso básico de Robot Framework!</msg>
<status status="PASS" starttime="20210605 17:31:17.471" endtime="20210605 17:31:17.471"/>
</kw>
<kw name="Should Be Equal" library="BuiltIn">
<arg>${result}</arg>
<arg>Olá, Adriano, bem vindo ao curso básico de Robot Framework!</arg>
<doc>Fails if the given objects are unequal.</doc>
<status status="PASS" starttime="20210605 17:31:17.471" endtime="20210605 17:31:17.471"/>
</kw>
<tag>TEST</tag>
<status status="PASS" starttime="20210605 17:31:17.471" endtime="20210605 17:31:17.471"/>
</test>
<doc>Suite description</doc>
<status status="PASS" starttime="20210605 17:31:17.430" endtime="20210605 17:31:17.471"/>
</suite>
<statistics>
<total>
<stat pass="1" fail="0" skip="0">All Tests</stat>
</total>
<tag>
<stat pass="1" fail="0" skip="0">TEST</stat>
</tag>
<suite>
<stat pass="1" fail="0" skip="0" id="s1" name="Teste">Teste</stat>
</suite>
</statistics>
<errors>
</errors>
</robot>
